[[91m-[0m] Failed: [91m123456789[0m
[[91m-[0m] Failed: [91madmin1234[0m
[[91m-[0m] Failed: [91muser1234[0m
[[91m-[0m] Failed: [91m123456[0m
[[91m-[0m] Failed: [91mpassword[0m
[[91m-[0m] Failed: [91m123456789[0m
[[91m-[0m] Failed: [91mqwerty[0m
[[91m-[0m] Failed: [91m12345678[0m
[[91m-[0m] Failed: [91m111111[0m
[[91m-[0m] Failed: [91m12345[0m
[[91m-[0m] Failed: [91m1234567[0m
[[91m-[0m] Failed: [91mpassword123[0m
[[91m-[0m] Failed: [91madmin[0m
[[91m-[0m] Failed: [91madmin123[0m
[[91m-[0m] Failed: [91mwelcome[0m
[[91m-[0m] Failed: [91mletmein[0m
[[91m-[0m] Failed: [91mshadow[0m
[[91m-[0m] Failed: [91mdragon[0m
[[91m-[0m] Failed: [91mfootball[0m
[[91m-[0m] Failed: [91mmonkey[0m
[[91m-[0m] Failed: [91m1q2w3e[0m
[[91m-[0m] Failed: [91msunshine[0m
[[91m-[0m] Failed: [91mqwerty123[0m
[[92m+[0m] SUCCESS: Password match found -> [92m@Professor_Technology[0m
