
[*] Launching Engine for: [92mmbi000[0m

[[92m+[0m] Facebook: https://www.facebook.com/mbi000
[[92m+[0m] Instagram: https://www.instagram.com/mbi000/
[[92m+[0m] X (Twitter): https://twitter.com/mbi000
[[91m-[0m] YouTube: Not Found
[[92m+[0m] TikTok: https://www.tiktok.com/@mbi000
[[93m![0m] Pinterest: Blocked (HTTP 400)
[[91m-[0m] Twitch: Not Found
[[92m+[0m] Snapchat: https://www.snapchat.com/add/mbi000
[[91m-[0m] LinkedIn: Not Found
[[91m-[0m] Medium: Not Found
[[92m+[0m] GitHub: https://github.com/mbi000
[[92m+[0m] Reddit: https://www.reddit.com/user/mbi000
[[91m-[0m] HackerNews: Not Found
[[91m-[0m] Vimeo: Not Found
[[91m-[0m] GitLab: Not Found
[[91m-[0m] Flickr: Not Found
[[91m-[0m] Dev.to: Not Found
[[91m-[0m] Patreon: Not Found
[[92m+[0m] Spotify: https://open.spotify.com/user/mbi000
[[91m-[0m] Pastebin: Not Found
[[91m-[0m] Roblox: Error (URLError)
[[91m-[0m] Wikipedia: Not Found

[*] Hunt completed! Found [92m8[0m profiles for 'mbi000'.
